ARM GAS  C:\Users\Dell\AppData\Local\Temp\ccK4pZgH.s 			page 1


   1              		.cpu cortex-m4
   2              		.arch armv7e-m
   3              		.fpu fpv4-sp-d16
   4              		.eabi_attribute 27, 1
   5              		.eabi_attribute 28, 1
   6              		.eabi_attribute 20, 1
   7              		.eabi_attribute 21, 1
   8              		.eabi_attribute 23, 3
   9              		.eabi_attribute 24, 1
  10              		.eabi_attribute 25, 1
  11              		.eabi_attribute 26, 1
  12              		.eabi_attribute 30, 1
  13              		.eabi_attribute 34, 1
  14              		.eabi_attribute 18, 4
  15              		.file	"stm32f4xx_hal_msp.c"
  16              		.text
  17              	.Ltext0:
  18              		.cfi_sections	.debug_frame
  19              		.section	.text.HAL_MspInit,"ax",%progbits
  20              		.align	1
  21              		.global	HAL_MspInit
  22              		.syntax unified
  23              		.thumb
  24              		.thumb_func
  26              	HAL_MspInit:
  27              	.LFB130:
  28              		.file 1 "Core/Src/stm32f4xx_hal_msp.c"
   1:Core/Src/stm32f4xx_hal_msp.c **** /* USER CODE BEGIN Header */
   2:Core/Src/stm32f4xx_hal_msp.c **** /**
   3:Core/Src/stm32f4xx_hal_msp.c ****   ******************************************************************************
   4:Core/Src/stm32f4xx_hal_msp.c ****   * @file         stm32f4xx_hal_msp.c
   5:Core/Src/stm32f4xx_hal_msp.c ****   * @brief        This file provides code for the MSP Initialization
   6:Core/Src/stm32f4xx_hal_msp.c ****   *               and de-Initialization codes.
   7:Core/Src/stm32f4xx_hal_msp.c ****   ******************************************************************************
   8:Core/Src/stm32f4xx_hal_msp.c ****   * @attention
   9:Core/Src/stm32f4xx_hal_msp.c ****   *
  10:Core/Src/stm32f4xx_hal_msp.c ****   * Copyright (c) 2023 STMicroelectronics.
  11:Core/Src/stm32f4xx_hal_msp.c ****   * All rights reserved.
  12:Core/Src/stm32f4xx_hal_msp.c ****   *
  13:Core/Src/stm32f4xx_hal_msp.c ****   * This software is licensed under terms that can be found in the LICENSE file
  14:Core/Src/stm32f4xx_hal_msp.c ****   * in the root directory of this software component.
  15:Core/Src/stm32f4xx_hal_msp.c ****   * If no LICENSE file comes with this software, it is provided AS-IS.
  16:Core/Src/stm32f4xx_hal_msp.c ****   *
  17:Core/Src/stm32f4xx_hal_msp.c ****   ******************************************************************************
  18:Core/Src/stm32f4xx_hal_msp.c ****   */
  19:Core/Src/stm32f4xx_hal_msp.c **** /* USER CODE END Header */
  20:Core/Src/stm32f4xx_hal_msp.c **** 
  21:Core/Src/stm32f4xx_hal_msp.c **** /* Includes ------------------------------------------------------------------*/
  22:Core/Src/stm32f4xx_hal_msp.c **** #include "main.h"
  23:Core/Src/stm32f4xx_hal_msp.c **** /* USER CODE BEGIN Includes */
  24:Core/Src/stm32f4xx_hal_msp.c **** 
  25:Core/Src/stm32f4xx_hal_msp.c **** /* USER CODE END Includes */
  26:Core/Src/stm32f4xx_hal_msp.c **** 
  27:Core/Src/stm32f4xx_hal_msp.c **** /* Private typedef -----------------------------------------------------------*/
  28:Core/Src/stm32f4xx_hal_msp.c **** /* USER CODE BEGIN TD */
  29:Core/Src/stm32f4xx_hal_msp.c **** 
  30:Core/Src/stm32f4xx_hal_msp.c **** /* USER CODE END TD */
ARM GAS  C:\Users\Dell\AppData\Local\Temp\ccK4pZgH.s 			page 2


  31:Core/Src/stm32f4xx_hal_msp.c **** 
  32:Core/Src/stm32f4xx_hal_msp.c **** /* Private define ------------------------------------------------------------*/
  33:Core/Src/stm32f4xx_hal_msp.c **** /* USER CODE BEGIN Define */
  34:Core/Src/stm32f4xx_hal_msp.c **** 
  35:Core/Src/stm32f4xx_hal_msp.c **** /* USER CODE END Define */
  36:Core/Src/stm32f4xx_hal_msp.c **** 
  37:Core/Src/stm32f4xx_hal_msp.c **** /* Private macro -------------------------------------------------------------*/
  38:Core/Src/stm32f4xx_hal_msp.c **** /* USER CODE BEGIN Macro */
  39:Core/Src/stm32f4xx_hal_msp.c **** 
  40:Core/Src/stm32f4xx_hal_msp.c **** /* USER CODE END Macro */
  41:Core/Src/stm32f4xx_hal_msp.c **** 
  42:Core/Src/stm32f4xx_hal_msp.c **** /* Private variables ---------------------------------------------------------*/
  43:Core/Src/stm32f4xx_hal_msp.c **** /* USER CODE BEGIN PV */
  44:Core/Src/stm32f4xx_hal_msp.c **** 
  45:Core/Src/stm32f4xx_hal_msp.c **** /* USER CODE END PV */
  46:Core/Src/stm32f4xx_hal_msp.c **** 
  47:Core/Src/stm32f4xx_hal_msp.c **** /* Private function prototypes -----------------------------------------------*/
  48:Core/Src/stm32f4xx_hal_msp.c **** /* USER CODE BEGIN PFP */
  49:Core/Src/stm32f4xx_hal_msp.c **** 
  50:Core/Src/stm32f4xx_hal_msp.c **** /* USER CODE END PFP */
  51:Core/Src/stm32f4xx_hal_msp.c **** 
  52:Core/Src/stm32f4xx_hal_msp.c **** /* External functions --------------------------------------------------------*/
  53:Core/Src/stm32f4xx_hal_msp.c **** /* USER CODE BEGIN ExternalFunctions */
  54:Core/Src/stm32f4xx_hal_msp.c **** 
  55:Core/Src/stm32f4xx_hal_msp.c **** /* USER CODE END ExternalFunctions */
  56:Core/Src/stm32f4xx_hal_msp.c **** 
  57:Core/Src/stm32f4xx_hal_msp.c **** /* USER CODE BEGIN 0 */
  58:Core/Src/stm32f4xx_hal_msp.c **** 
  59:Core/Src/stm32f4xx_hal_msp.c **** /* USER CODE END 0 */
  60:Core/Src/stm32f4xx_hal_msp.c **** /**
  61:Core/Src/stm32f4xx_hal_msp.c ****   * Initializes the Global MSP.
  62:Core/Src/stm32f4xx_hal_msp.c ****   */
  63:Core/Src/stm32f4xx_hal_msp.c **** void HAL_MspInit(void)
  64:Core/Src/stm32f4xx_hal_msp.c **** {
  29              		.loc 1 64 1 view -0
  30              		.cfi_startproc
  31              		@ args = 0, pretend = 0, frame = 8
  32              		@ frame_needed = 0, uses_anonymous_args = 0
  33              		@ link register save eliminated.
  34 0000 82B0     		sub	sp, sp, #8
  35              	.LCFI0:
  36              		.cfi_def_cfa_offset 8
  65:Core/Src/stm32f4xx_hal_msp.c ****   /* USER CODE BEGIN MspInit 0 */
  66:Core/Src/stm32f4xx_hal_msp.c **** 
  67:Core/Src/stm32f4xx_hal_msp.c ****   /* USER CODE END MspInit 0 */
  68:Core/Src/stm32f4xx_hal_msp.c **** 
  69:Core/Src/stm32f4xx_hal_msp.c ****   __HAL_RCC_SYSCFG_CLK_ENABLE();
  37              		.loc 1 69 3 view .LVU1
  38              	.LBB2:
  39              		.loc 1 69 3 view .LVU2
  40 0002 0021     		movs	r1, #0
  41 0004 0091     		str	r1, [sp]
  42              		.loc 1 69 3 view .LVU3
  43 0006 0B4B     		ldr	r3, .L3
  44 0008 5A6C     		ldr	r2, [r3, #68]
  45 000a 42F48042 		orr	r2, r2, #16384
  46 000e 5A64     		str	r2, [r3, #68]
ARM GAS  C:\Users\Dell\AppData\Local\Temp\ccK4pZgH.s 			page 3


  47              		.loc 1 69 3 view .LVU4
  48 0010 5A6C     		ldr	r2, [r3, #68]
  49 0012 02F48042 		and	r2, r2, #16384
  50 0016 0092     		str	r2, [sp]
  51              		.loc 1 69 3 view .LVU5
  52 0018 009A     		ldr	r2, [sp]
  53              	.LBE2:
  54              		.loc 1 69 3 view .LVU6
  70:Core/Src/stm32f4xx_hal_msp.c ****   __HAL_RCC_PWR_CLK_ENABLE();
  55              		.loc 1 70 3 view .LVU7
  56              	.LBB3:
  57              		.loc 1 70 3 view .LVU8
  58 001a 0191     		str	r1, [sp, #4]
  59              		.loc 1 70 3 view .LVU9
  60 001c 1A6C     		ldr	r2, [r3, #64]
  61 001e 42F08052 		orr	r2, r2, #268435456
  62 0022 1A64     		str	r2, [r3, #64]
  63              		.loc 1 70 3 view .LVU10
  64 0024 1B6C     		ldr	r3, [r3, #64]
  65 0026 03F08053 		and	r3, r3, #268435456
  66 002a 0193     		str	r3, [sp, #4]
  67              		.loc 1 70 3 view .LVU11
  68 002c 019B     		ldr	r3, [sp, #4]
  69              	.LBE3:
  70              		.loc 1 70 3 view .LVU12
  71:Core/Src/stm32f4xx_hal_msp.c **** 
  72:Core/Src/stm32f4xx_hal_msp.c ****   /* System interrupt init*/
  73:Core/Src/stm32f4xx_hal_msp.c **** 
  74:Core/Src/stm32f4xx_hal_msp.c ****   /* USER CODE BEGIN MspInit 1 */
  75:Core/Src/stm32f4xx_hal_msp.c **** 
  76:Core/Src/stm32f4xx_hal_msp.c ****   /* USER CODE END MspInit 1 */
  77:Core/Src/stm32f4xx_hal_msp.c **** }
  71              		.loc 1 77 1 is_stmt 0 view .LVU13
  72 002e 02B0     		add	sp, sp, #8
  73              	.LCFI1:
  74              		.cfi_def_cfa_offset 0
  75              		@ sp needed
  76 0030 7047     		bx	lr
  77              	.L4:
  78 0032 00BF     		.align	2
  79              	.L3:
  80 0034 00380240 		.word	1073887232
  81              		.cfi_endproc
  82              	.LFE130:
  84              		.section	.text.HAL_I2C_MspInit,"ax",%progbits
  85              		.align	1
  86              		.global	HAL_I2C_MspInit
  87              		.syntax unified
  88              		.thumb
  89              		.thumb_func
  91              	HAL_I2C_MspInit:
  92              	.LVL0:
  93              	.LFB131:
  78:Core/Src/stm32f4xx_hal_msp.c **** 
  79:Core/Src/stm32f4xx_hal_msp.c **** /**
  80:Core/Src/stm32f4xx_hal_msp.c **** * @brief I2C MSP Initialization
  81:Core/Src/stm32f4xx_hal_msp.c **** * This function configures the hardware resources used in this example
ARM GAS  C:\Users\Dell\AppData\Local\Temp\ccK4pZgH.s 			page 4


  82:Core/Src/stm32f4xx_hal_msp.c **** * @param hi2c: I2C handle pointer
  83:Core/Src/stm32f4xx_hal_msp.c **** * @retval None
  84:Core/Src/stm32f4xx_hal_msp.c **** */
  85:Core/Src/stm32f4xx_hal_msp.c **** void HAL_I2C_MspInit(I2C_HandleTypeDef* hi2c)
  86:Core/Src/stm32f4xx_hal_msp.c **** {
  94              		.loc 1 86 1 is_stmt 1 view -0
  95              		.cfi_startproc
  96              		@ args = 0, pretend = 0, frame = 32
  97              		@ frame_needed = 0, uses_anonymous_args = 0
  98              		.loc 1 86 1 is_stmt 0 view .LVU15
  99 0000 30B5     		push	{r4, r5, lr}
 100              	.LCFI2:
 101              		.cfi_def_cfa_offset 12
 102              		.cfi_offset 4, -12
 103              		.cfi_offset 5, -8
 104              		.cfi_offset 14, -4
 105 0002 89B0     		sub	sp, sp, #36
 106              	.LCFI3:
 107              		.cfi_def_cfa_offset 48
  87:Core/Src/stm32f4xx_hal_msp.c ****   GPIO_InitTypeDef GPIO_InitStruct = {0};
 108              		.loc 1 87 3 is_stmt 1 view .LVU16
 109              		.loc 1 87 20 is_stmt 0 view .LVU17
 110 0004 0023     		movs	r3, #0
 111 0006 0393     		str	r3, [sp, #12]
 112 0008 0493     		str	r3, [sp, #16]
 113 000a 0593     		str	r3, [sp, #20]
 114 000c 0693     		str	r3, [sp, #24]
 115 000e 0793     		str	r3, [sp, #28]
  88:Core/Src/stm32f4xx_hal_msp.c ****   if(hi2c->Instance==I2C1)
 116              		.loc 1 88 3 is_stmt 1 view .LVU18
 117              		.loc 1 88 10 is_stmt 0 view .LVU19
 118 0010 0268     		ldr	r2, [r0]
 119              		.loc 1 88 5 view .LVU20
 120 0012 144B     		ldr	r3, .L9
 121 0014 9A42     		cmp	r2, r3
 122 0016 01D0     		beq	.L8
 123              	.LVL1:
 124              	.L5:
  89:Core/Src/stm32f4xx_hal_msp.c ****   {
  90:Core/Src/stm32f4xx_hal_msp.c ****   /* USER CODE BEGIN I2C1_MspInit 0 */
  91:Core/Src/stm32f4xx_hal_msp.c **** 
  92:Core/Src/stm32f4xx_hal_msp.c ****   /* USER CODE END I2C1_MspInit 0 */
  93:Core/Src/stm32f4xx_hal_msp.c **** 
  94:Core/Src/stm32f4xx_hal_msp.c ****     __HAL_RCC_GPIOB_CLK_ENABLE();
  95:Core/Src/stm32f4xx_hal_msp.c ****     /**I2C1 GPIO Configuration
  96:Core/Src/stm32f4xx_hal_msp.c ****     PB8     ------> I2C1_SCL
  97:Core/Src/stm32f4xx_hal_msp.c ****     PB9     ------> I2C1_SDA
  98:Core/Src/stm32f4xx_hal_msp.c ****     */
  99:Core/Src/stm32f4xx_hal_msp.c ****     GPIO_InitStruct.Pin = GPIO_PIN_8|GPIO_PIN_9;
 100:Core/Src/stm32f4xx_hal_msp.c ****     GPIO_InitStruct.Mode = GPIO_MODE_AF_OD;
 101:Core/Src/stm32f4xx_hal_msp.c ****     GPIO_InitStruct.Pull = GPIO_NOPULL;
 102:Core/Src/stm32f4xx_hal_msp.c ****     GPIO_InitStruct.Speed = GPIO_SPEED_FREQ_VERY_HIGH;
 103:Core/Src/stm32f4xx_hal_msp.c ****     GPIO_InitStruct.Alternate = GPIO_AF4_I2C1;
 104:Core/Src/stm32f4xx_hal_msp.c ****     HAL_GPIO_Init(GPIOB, &GPIO_InitStruct);
 105:Core/Src/stm32f4xx_hal_msp.c **** 
 106:Core/Src/stm32f4xx_hal_msp.c ****     /* Peripheral clock enable */
 107:Core/Src/stm32f4xx_hal_msp.c ****     __HAL_RCC_I2C1_CLK_ENABLE();
ARM GAS  C:\Users\Dell\AppData\Local\Temp\ccK4pZgH.s 			page 5


 108:Core/Src/stm32f4xx_hal_msp.c ****   /* USER CODE BEGIN I2C1_MspInit 1 */
 109:Core/Src/stm32f4xx_hal_msp.c **** 
 110:Core/Src/stm32f4xx_hal_msp.c ****   /* USER CODE END I2C1_MspInit 1 */
 111:Core/Src/stm32f4xx_hal_msp.c ****   }
 112:Core/Src/stm32f4xx_hal_msp.c **** 
 113:Core/Src/stm32f4xx_hal_msp.c **** }
 125              		.loc 1 113 1 view .LVU21
 126 0018 09B0     		add	sp, sp, #36
 127              	.LCFI4:
 128              		.cfi_remember_state
 129              		.cfi_def_cfa_offset 12
 130              		@ sp needed
 131 001a 30BD     		pop	{r4, r5, pc}
 132              	.LVL2:
 133              	.L8:
 134              	.LCFI5:
 135              		.cfi_restore_state
  94:Core/Src/stm32f4xx_hal_msp.c ****     /**I2C1 GPIO Configuration
 136              		.loc 1 94 5 is_stmt 1 view .LVU22
 137              	.LBB4:
  94:Core/Src/stm32f4xx_hal_msp.c ****     /**I2C1 GPIO Configuration
 138              		.loc 1 94 5 view .LVU23
 139 001c 0025     		movs	r5, #0
 140 001e 0195     		str	r5, [sp, #4]
  94:Core/Src/stm32f4xx_hal_msp.c ****     /**I2C1 GPIO Configuration
 141              		.loc 1 94 5 view .LVU24
 142 0020 114C     		ldr	r4, .L9+4
 143 0022 236B     		ldr	r3, [r4, #48]
 144 0024 43F00203 		orr	r3, r3, #2
 145 0028 2363     		str	r3, [r4, #48]
  94:Core/Src/stm32f4xx_hal_msp.c ****     /**I2C1 GPIO Configuration
 146              		.loc 1 94 5 view .LVU25
 147 002a 236B     		ldr	r3, [r4, #48]
 148 002c 03F00203 		and	r3, r3, #2
 149 0030 0193     		str	r3, [sp, #4]
  94:Core/Src/stm32f4xx_hal_msp.c ****     /**I2C1 GPIO Configuration
 150              		.loc 1 94 5 view .LVU26
 151 0032 019B     		ldr	r3, [sp, #4]
 152              	.LBE4:
  94:Core/Src/stm32f4xx_hal_msp.c ****     /**I2C1 GPIO Configuration
 153              		.loc 1 94 5 view .LVU27
  99:Core/Src/stm32f4xx_hal_msp.c ****     GPIO_InitStruct.Mode = GPIO_MODE_AF_OD;
 154              		.loc 1 99 5 view .LVU28
  99:Core/Src/stm32f4xx_hal_msp.c ****     GPIO_InitStruct.Mode = GPIO_MODE_AF_OD;
 155              		.loc 1 99 25 is_stmt 0 view .LVU29
 156 0034 4FF44073 		mov	r3, #768
 157 0038 0393     		str	r3, [sp, #12]
 100:Core/Src/stm32f4xx_hal_msp.c ****     GPIO_InitStruct.Pull = GPIO_NOPULL;
 158              		.loc 1 100 5 is_stmt 1 view .LVU30
 100:Core/Src/stm32f4xx_hal_msp.c ****     GPIO_InitStruct.Pull = GPIO_NOPULL;
 159              		.loc 1 100 26 is_stmt 0 view .LVU31
 160 003a 1223     		movs	r3, #18
 161 003c 0493     		str	r3, [sp, #16]
 101:Core/Src/stm32f4xx_hal_msp.c ****     GPIO_InitStruct.Speed = GPIO_SPEED_FREQ_VERY_HIGH;
 162              		.loc 1 101 5 is_stmt 1 view .LVU32
 102:Core/Src/stm32f4xx_hal_msp.c ****     GPIO_InitStruct.Alternate = GPIO_AF4_I2C1;
 163              		.loc 1 102 5 view .LVU33
ARM GAS  C:\Users\Dell\AppData\Local\Temp\ccK4pZgH.s 			page 6


 102:Core/Src/stm32f4xx_hal_msp.c ****     GPIO_InitStruct.Alternate = GPIO_AF4_I2C1;
 164              		.loc 1 102 27 is_stmt 0 view .LVU34
 165 003e 0323     		movs	r3, #3
 166 0040 0693     		str	r3, [sp, #24]
 103:Core/Src/stm32f4xx_hal_msp.c ****     HAL_GPIO_Init(GPIOB, &GPIO_InitStruct);
 167              		.loc 1 103 5 is_stmt 1 view .LVU35
 103:Core/Src/stm32f4xx_hal_msp.c ****     HAL_GPIO_Init(GPIOB, &GPIO_InitStruct);
 168              		.loc 1 103 31 is_stmt 0 view .LVU36
 169 0042 0423     		movs	r3, #4
 170 0044 0793     		str	r3, [sp, #28]
 104:Core/Src/stm32f4xx_hal_msp.c **** 
 171              		.loc 1 104 5 is_stmt 1 view .LVU37
 172 0046 03A9     		add	r1, sp, #12
 173 0048 0848     		ldr	r0, .L9+8
 174              	.LVL3:
 104:Core/Src/stm32f4xx_hal_msp.c **** 
 175              		.loc 1 104 5 is_stmt 0 view .LVU38
 176 004a FFF7FEFF 		bl	HAL_GPIO_Init
 177              	.LVL4:
 107:Core/Src/stm32f4xx_hal_msp.c ****   /* USER CODE BEGIN I2C1_MspInit 1 */
 178              		.loc 1 107 5 is_stmt 1 view .LVU39
 179              	.LBB5:
 107:Core/Src/stm32f4xx_hal_msp.c ****   /* USER CODE BEGIN I2C1_MspInit 1 */
 180              		.loc 1 107 5 view .LVU40
 181 004e 0295     		str	r5, [sp, #8]
 107:Core/Src/stm32f4xx_hal_msp.c ****   /* USER CODE BEGIN I2C1_MspInit 1 */
 182              		.loc 1 107 5 view .LVU41
 183 0050 236C     		ldr	r3, [r4, #64]
 184 0052 43F40013 		orr	r3, r3, #2097152
 185 0056 2364     		str	r3, [r4, #64]
 107:Core/Src/stm32f4xx_hal_msp.c ****   /* USER CODE BEGIN I2C1_MspInit 1 */
 186              		.loc 1 107 5 view .LVU42
 187 0058 236C     		ldr	r3, [r4, #64]
 188 005a 03F40013 		and	r3, r3, #2097152
 189 005e 0293     		str	r3, [sp, #8]
 107:Core/Src/stm32f4xx_hal_msp.c ****   /* USER CODE BEGIN I2C1_MspInit 1 */
 190              		.loc 1 107 5 view .LVU43
 191 0060 029B     		ldr	r3, [sp, #8]
 192              	.LBE5:
 107:Core/Src/stm32f4xx_hal_msp.c ****   /* USER CODE BEGIN I2C1_MspInit 1 */
 193              		.loc 1 107 5 view .LVU44
 194              		.loc 1 113 1 is_stmt 0 view .LVU45
 195 0062 D9E7     		b	.L5
 196              	.L10:
 197              		.align	2
 198              	.L9:
 199 0064 00540040 		.word	1073763328
 200 0068 00380240 		.word	1073887232
 201 006c 00040240 		.word	1073873920
 202              		.cfi_endproc
 203              	.LFE131:
 205              		.section	.text.HAL_I2C_MspDeInit,"ax",%progbits
 206              		.align	1
 207              		.global	HAL_I2C_MspDeInit
 208              		.syntax unified
 209              		.thumb
 210              		.thumb_func
ARM GAS  C:\Users\Dell\AppData\Local\Temp\ccK4pZgH.s 			page 7


 212              	HAL_I2C_MspDeInit:
 213              	.LVL5:
 214              	.LFB132:
 114:Core/Src/stm32f4xx_hal_msp.c **** 
 115:Core/Src/stm32f4xx_hal_msp.c **** /**
 116:Core/Src/stm32f4xx_hal_msp.c **** * @brief I2C MSP De-Initialization
 117:Core/Src/stm32f4xx_hal_msp.c **** * This function freeze the hardware resources used in this example
 118:Core/Src/stm32f4xx_hal_msp.c **** * @param hi2c: I2C handle pointer
 119:Core/Src/stm32f4xx_hal_msp.c **** * @retval None
 120:Core/Src/stm32f4xx_hal_msp.c **** */
 121:Core/Src/stm32f4xx_hal_msp.c **** void HAL_I2C_MspDeInit(I2C_HandleTypeDef* hi2c)
 122:Core/Src/stm32f4xx_hal_msp.c **** {
 215              		.loc 1 122 1 is_stmt 1 view -0
 216              		.cfi_startproc
 217              		@ args = 0, pretend = 0, frame = 0
 218              		@ frame_needed = 0, uses_anonymous_args = 0
 123:Core/Src/stm32f4xx_hal_msp.c ****   if(hi2c->Instance==I2C1)
 219              		.loc 1 123 3 view .LVU47
 220              		.loc 1 123 10 is_stmt 0 view .LVU48
 221 0000 0268     		ldr	r2, [r0]
 222              		.loc 1 123 5 view .LVU49
 223 0002 0B4B     		ldr	r3, .L18
 224 0004 9A42     		cmp	r2, r3
 225 0006 00D0     		beq	.L17
 226 0008 7047     		bx	lr
 227              	.L17:
 122:Core/Src/stm32f4xx_hal_msp.c ****   if(hi2c->Instance==I2C1)
 228              		.loc 1 122 1 view .LVU50
 229 000a 10B5     		push	{r4, lr}
 230              	.LCFI6:
 231              		.cfi_def_cfa_offset 8
 232              		.cfi_offset 4, -8
 233              		.cfi_offset 14, -4
 124:Core/Src/stm32f4xx_hal_msp.c ****   {
 125:Core/Src/stm32f4xx_hal_msp.c ****   /* USER CODE BEGIN I2C1_MspDeInit 0 */
 126:Core/Src/stm32f4xx_hal_msp.c **** 
 127:Core/Src/stm32f4xx_hal_msp.c ****   /* USER CODE END I2C1_MspDeInit 0 */
 128:Core/Src/stm32f4xx_hal_msp.c ****     /* Peripheral clock disable */
 129:Core/Src/stm32f4xx_hal_msp.c ****     __HAL_RCC_I2C1_CLK_DISABLE();
 234              		.loc 1 129 5 is_stmt 1 view .LVU51
 235 000c 094A     		ldr	r2, .L18+4
 236 000e 136C     		ldr	r3, [r2, #64]
 237 0010 23F40013 		bic	r3, r3, #2097152
 238 0014 1364     		str	r3, [r2, #64]
 130:Core/Src/stm32f4xx_hal_msp.c **** 
 131:Core/Src/stm32f4xx_hal_msp.c ****     /**I2C1 GPIO Configuration
 132:Core/Src/stm32f4xx_hal_msp.c ****     PB8     ------> I2C1_SCL
 133:Core/Src/stm32f4xx_hal_msp.c ****     PB9     ------> I2C1_SDA
 134:Core/Src/stm32f4xx_hal_msp.c ****     */
 135:Core/Src/stm32f4xx_hal_msp.c ****     HAL_GPIO_DeInit(GPIOB, GPIO_PIN_8);
 239              		.loc 1 135 5 view .LVU52
 240 0016 084C     		ldr	r4, .L18+8
 241 0018 4FF48071 		mov	r1, #256
 242 001c 2046     		mov	r0, r4
 243              	.LVL6:
 244              		.loc 1 135 5 is_stmt 0 view .LVU53
 245 001e FFF7FEFF 		bl	HAL_GPIO_DeInit
ARM GAS  C:\Users\Dell\AppData\Local\Temp\ccK4pZgH.s 			page 8


 246              	.LVL7:
 136:Core/Src/stm32f4xx_hal_msp.c **** 
 137:Core/Src/stm32f4xx_hal_msp.c ****     HAL_GPIO_DeInit(GPIOB, GPIO_PIN_9);
 247              		.loc 1 137 5 is_stmt 1 view .LVU54
 248 0022 4FF40071 		mov	r1, #512
 249 0026 2046     		mov	r0, r4
 250 0028 FFF7FEFF 		bl	HAL_GPIO_DeInit
 251              	.LVL8:
 138:Core/Src/stm32f4xx_hal_msp.c **** 
 139:Core/Src/stm32f4xx_hal_msp.c ****   /* USER CODE BEGIN I2C1_MspDeInit 1 */
 140:Core/Src/stm32f4xx_hal_msp.c **** 
 141:Core/Src/stm32f4xx_hal_msp.c ****   /* USER CODE END I2C1_MspDeInit 1 */
 142:Core/Src/stm32f4xx_hal_msp.c ****   }
 143:Core/Src/stm32f4xx_hal_msp.c **** 
 144:Core/Src/stm32f4xx_hal_msp.c **** }
 252              		.loc 1 144 1 is_stmt 0 view .LVU55
 253 002c 10BD     		pop	{r4, pc}
 254              	.L19:
 255 002e 00BF     		.align	2
 256              	.L18:
 257 0030 00540040 		.word	1073763328
 258 0034 00380240 		.word	1073887232
 259 0038 00040240 		.word	1073873920
 260              		.cfi_endproc
 261              	.LFE132:
 263              		.section	.text.HAL_UART_MspInit,"ax",%progbits
 264              		.align	1
 265              		.global	HAL_UART_MspInit
 266              		.syntax unified
 267              		.thumb
 268              		.thumb_func
 270              	HAL_UART_MspInit:
 271              	.LVL9:
 272              	.LFB133:
 145:Core/Src/stm32f4xx_hal_msp.c **** 
 146:Core/Src/stm32f4xx_hal_msp.c **** /**
 147:Core/Src/stm32f4xx_hal_msp.c **** * @brief UART MSP Initialization
 148:Core/Src/stm32f4xx_hal_msp.c **** * This function configures the hardware resources used in this example
 149:Core/Src/stm32f4xx_hal_msp.c **** * @param huart: UART handle pointer
 150:Core/Src/stm32f4xx_hal_msp.c **** * @retval None
 151:Core/Src/stm32f4xx_hal_msp.c **** */
 152:Core/Src/stm32f4xx_hal_msp.c **** void HAL_UART_MspInit(UART_HandleTypeDef* huart)
 153:Core/Src/stm32f4xx_hal_msp.c **** {
 273              		.loc 1 153 1 is_stmt 1 view -0
 274              		.cfi_startproc
 275              		@ args = 0, pretend = 0, frame = 40
 276              		@ frame_needed = 0, uses_anonymous_args = 0
 277              		.loc 1 153 1 is_stmt 0 view .LVU57
 278 0000 F0B5     		push	{r4, r5, r6, r7, lr}
 279              	.LCFI7:
 280              		.cfi_def_cfa_offset 20
 281              		.cfi_offset 4, -20
 282              		.cfi_offset 5, -16
 283              		.cfi_offset 6, -12
 284              		.cfi_offset 7, -8
 285              		.cfi_offset 14, -4
 286 0002 8BB0     		sub	sp, sp, #44
ARM GAS  C:\Users\Dell\AppData\Local\Temp\ccK4pZgH.s 			page 9


 287              	.LCFI8:
 288              		.cfi_def_cfa_offset 64
 154:Core/Src/stm32f4xx_hal_msp.c ****   GPIO_InitTypeDef GPIO_InitStruct = {0};
 289              		.loc 1 154 3 is_stmt 1 view .LVU58
 290              		.loc 1 154 20 is_stmt 0 view .LVU59
 291 0004 0023     		movs	r3, #0
 292 0006 0593     		str	r3, [sp, #20]
 293 0008 0693     		str	r3, [sp, #24]
 294 000a 0793     		str	r3, [sp, #28]
 295 000c 0893     		str	r3, [sp, #32]
 296 000e 0993     		str	r3, [sp, #36]
 155:Core/Src/stm32f4xx_hal_msp.c ****   if(huart->Instance==USART2)
 297              		.loc 1 155 3 is_stmt 1 view .LVU60
 298              		.loc 1 155 11 is_stmt 0 view .LVU61
 299 0010 0368     		ldr	r3, [r0]
 300              		.loc 1 155 5 view .LVU62
 301 0012 314A     		ldr	r2, .L26
 302 0014 9342     		cmp	r3, r2
 303 0016 04D0     		beq	.L24
 156:Core/Src/stm32f4xx_hal_msp.c ****   {
 157:Core/Src/stm32f4xx_hal_msp.c ****   /* USER CODE BEGIN USART2_MspInit 0 */
 158:Core/Src/stm32f4xx_hal_msp.c **** 
 159:Core/Src/stm32f4xx_hal_msp.c ****   /* USER CODE END USART2_MspInit 0 */
 160:Core/Src/stm32f4xx_hal_msp.c ****     /* Peripheral clock enable */
 161:Core/Src/stm32f4xx_hal_msp.c ****     __HAL_RCC_USART2_CLK_ENABLE();
 162:Core/Src/stm32f4xx_hal_msp.c **** 
 163:Core/Src/stm32f4xx_hal_msp.c ****     __HAL_RCC_GPIOA_CLK_ENABLE();
 164:Core/Src/stm32f4xx_hal_msp.c ****     __HAL_RCC_GPIOD_CLK_ENABLE();
 165:Core/Src/stm32f4xx_hal_msp.c ****     /**USART2 GPIO Configuration
 166:Core/Src/stm32f4xx_hal_msp.c ****     PA3     ------> USART2_RX
 167:Core/Src/stm32f4xx_hal_msp.c ****     PD5     ------> USART2_TX
 168:Core/Src/stm32f4xx_hal_msp.c ****     */
 169:Core/Src/stm32f4xx_hal_msp.c ****     GPIO_InitStruct.Pin = GPIO_PIN_3;
 170:Core/Src/stm32f4xx_hal_msp.c ****     GPIO_InitStruct.Mode = GPIO_MODE_AF_PP;
 171:Core/Src/stm32f4xx_hal_msp.c ****     GPIO_InitStruct.Pull = GPIO_NOPULL;
 172:Core/Src/stm32f4xx_hal_msp.c ****     GPIO_InitStruct.Speed = GPIO_SPEED_FREQ_VERY_HIGH;
 173:Core/Src/stm32f4xx_hal_msp.c ****     GPIO_InitStruct.Alternate = GPIO_AF7_USART2;
 174:Core/Src/stm32f4xx_hal_msp.c ****     HAL_GPIO_Init(GPIOA, &GPIO_InitStruct);
 175:Core/Src/stm32f4xx_hal_msp.c **** 
 176:Core/Src/stm32f4xx_hal_msp.c ****     GPIO_InitStruct.Pin = GPIO_PIN_5;
 177:Core/Src/stm32f4xx_hal_msp.c ****     GPIO_InitStruct.Mode = GPIO_MODE_AF_PP;
 178:Core/Src/stm32f4xx_hal_msp.c ****     GPIO_InitStruct.Pull = GPIO_NOPULL;
 179:Core/Src/stm32f4xx_hal_msp.c ****     GPIO_InitStruct.Speed = GPIO_SPEED_FREQ_VERY_HIGH;
 180:Core/Src/stm32f4xx_hal_msp.c ****     GPIO_InitStruct.Alternate = GPIO_AF7_USART2;
 181:Core/Src/stm32f4xx_hal_msp.c ****     HAL_GPIO_Init(GPIOD, &GPIO_InitStruct);
 182:Core/Src/stm32f4xx_hal_msp.c **** 
 183:Core/Src/stm32f4xx_hal_msp.c ****   /* USER CODE BEGIN USART2_MspInit 1 */
 184:Core/Src/stm32f4xx_hal_msp.c **** 
 185:Core/Src/stm32f4xx_hal_msp.c ****   /* USER CODE END USART2_MspInit 1 */
 186:Core/Src/stm32f4xx_hal_msp.c ****   }
 187:Core/Src/stm32f4xx_hal_msp.c ****   else if(huart->Instance==USART3)
 304              		.loc 1 187 8 is_stmt 1 view .LVU63
 305              		.loc 1 187 10 is_stmt 0 view .LVU64
 306 0018 304A     		ldr	r2, .L26+4
 307 001a 9342     		cmp	r3, r2
 308 001c 38D0     		beq	.L25
 309              	.LVL10:
ARM GAS  C:\Users\Dell\AppData\Local\Temp\ccK4pZgH.s 			page 10


 310              	.L20:
 188:Core/Src/stm32f4xx_hal_msp.c ****   {
 189:Core/Src/stm32f4xx_hal_msp.c ****   /* USER CODE BEGIN USART3_MspInit 0 */
 190:Core/Src/stm32f4xx_hal_msp.c **** 
 191:Core/Src/stm32f4xx_hal_msp.c ****   /* USER CODE END USART3_MspInit 0 */
 192:Core/Src/stm32f4xx_hal_msp.c ****     /* Peripheral clock enable */
 193:Core/Src/stm32f4xx_hal_msp.c ****     __HAL_RCC_USART3_CLK_ENABLE();
 194:Core/Src/stm32f4xx_hal_msp.c **** 
 195:Core/Src/stm32f4xx_hal_msp.c ****     __HAL_RCC_GPIOD_CLK_ENABLE();
 196:Core/Src/stm32f4xx_hal_msp.c ****     /**USART3 GPIO Configuration
 197:Core/Src/stm32f4xx_hal_msp.c ****     PD8     ------> USART3_TX
 198:Core/Src/stm32f4xx_hal_msp.c ****     PD9     ------> USART3_RX
 199:Core/Src/stm32f4xx_hal_msp.c ****     */
 200:Core/Src/stm32f4xx_hal_msp.c ****     GPIO_InitStruct.Pin = STLK_RX_Pin|STLK_TX_Pin;
 201:Core/Src/stm32f4xx_hal_msp.c ****     GPIO_InitStruct.Mode = GPIO_MODE_AF_PP;
 202:Core/Src/stm32f4xx_hal_msp.c ****     GPIO_InitStruct.Pull = GPIO_NOPULL;
 203:Core/Src/stm32f4xx_hal_msp.c ****     GPIO_InitStruct.Speed = GPIO_SPEED_FREQ_VERY_HIGH;
 204:Core/Src/stm32f4xx_hal_msp.c ****     GPIO_InitStruct.Alternate = GPIO_AF7_USART3;
 205:Core/Src/stm32f4xx_hal_msp.c ****     HAL_GPIO_Init(GPIOD, &GPIO_InitStruct);
 206:Core/Src/stm32f4xx_hal_msp.c **** 
 207:Core/Src/stm32f4xx_hal_msp.c ****   /* USER CODE BEGIN USART3_MspInit 1 */
 208:Core/Src/stm32f4xx_hal_msp.c **** 
 209:Core/Src/stm32f4xx_hal_msp.c ****   /* USER CODE END USART3_MspInit 1 */
 210:Core/Src/stm32f4xx_hal_msp.c ****   }
 211:Core/Src/stm32f4xx_hal_msp.c **** 
 212:Core/Src/stm32f4xx_hal_msp.c **** }
 311              		.loc 1 212 1 view .LVU65
 312 001e 0BB0     		add	sp, sp, #44
 313              	.LCFI9:
 314              		.cfi_remember_state
 315              		.cfi_def_cfa_offset 20
 316              		@ sp needed
 317 0020 F0BD     		pop	{r4, r5, r6, r7, pc}
 318              	.LVL11:
 319              	.L24:
 320              	.LCFI10:
 321              		.cfi_restore_state
 161:Core/Src/stm32f4xx_hal_msp.c **** 
 322              		.loc 1 161 5 is_stmt 1 view .LVU66
 323              	.LBB6:
 161:Core/Src/stm32f4xx_hal_msp.c **** 
 324              		.loc 1 161 5 view .LVU67
 325 0022 0024     		movs	r4, #0
 326 0024 0094     		str	r4, [sp]
 161:Core/Src/stm32f4xx_hal_msp.c **** 
 327              		.loc 1 161 5 view .LVU68
 328 0026 2E4B     		ldr	r3, .L26+8
 329 0028 1A6C     		ldr	r2, [r3, #64]
 330 002a 42F40032 		orr	r2, r2, #131072
 331 002e 1A64     		str	r2, [r3, #64]
 161:Core/Src/stm32f4xx_hal_msp.c **** 
 332              		.loc 1 161 5 view .LVU69
 333 0030 1A6C     		ldr	r2, [r3, #64]
 334 0032 02F40032 		and	r2, r2, #131072
 335 0036 0092     		str	r2, [sp]
 161:Core/Src/stm32f4xx_hal_msp.c **** 
 336              		.loc 1 161 5 view .LVU70
ARM GAS  C:\Users\Dell\AppData\Local\Temp\ccK4pZgH.s 			page 11


 337 0038 009A     		ldr	r2, [sp]
 338              	.LBE6:
 161:Core/Src/stm32f4xx_hal_msp.c **** 
 339              		.loc 1 161 5 view .LVU71
 163:Core/Src/stm32f4xx_hal_msp.c ****     __HAL_RCC_GPIOD_CLK_ENABLE();
 340              		.loc 1 163 5 view .LVU72
 341              	.LBB7:
 163:Core/Src/stm32f4xx_hal_msp.c ****     __HAL_RCC_GPIOD_CLK_ENABLE();
 342              		.loc 1 163 5 view .LVU73
 343 003a 0194     		str	r4, [sp, #4]
 163:Core/Src/stm32f4xx_hal_msp.c ****     __HAL_RCC_GPIOD_CLK_ENABLE();
 344              		.loc 1 163 5 view .LVU74
 345 003c 1A6B     		ldr	r2, [r3, #48]
 346 003e 42F00102 		orr	r2, r2, #1
 347 0042 1A63     		str	r2, [r3, #48]
 163:Core/Src/stm32f4xx_hal_msp.c ****     __HAL_RCC_GPIOD_CLK_ENABLE();
 348              		.loc 1 163 5 view .LVU75
 349 0044 1A6B     		ldr	r2, [r3, #48]
 350 0046 02F00102 		and	r2, r2, #1
 351 004a 0192     		str	r2, [sp, #4]
 163:Core/Src/stm32f4xx_hal_msp.c ****     __HAL_RCC_GPIOD_CLK_ENABLE();
 352              		.loc 1 163 5 view .LVU76
 353 004c 019A     		ldr	r2, [sp, #4]
 354              	.LBE7:
 163:Core/Src/stm32f4xx_hal_msp.c ****     __HAL_RCC_GPIOD_CLK_ENABLE();
 355              		.loc 1 163 5 view .LVU77
 164:Core/Src/stm32f4xx_hal_msp.c ****     /**USART2 GPIO Configuration
 356              		.loc 1 164 5 view .LVU78
 357              	.LBB8:
 164:Core/Src/stm32f4xx_hal_msp.c ****     /**USART2 GPIO Configuration
 358              		.loc 1 164 5 view .LVU79
 359 004e 0294     		str	r4, [sp, #8]
 164:Core/Src/stm32f4xx_hal_msp.c ****     /**USART2 GPIO Configuration
 360              		.loc 1 164 5 view .LVU80
 361 0050 1A6B     		ldr	r2, [r3, #48]
 362 0052 42F00802 		orr	r2, r2, #8
 363 0056 1A63     		str	r2, [r3, #48]
 164:Core/Src/stm32f4xx_hal_msp.c ****     /**USART2 GPIO Configuration
 364              		.loc 1 164 5 view .LVU81
 365 0058 1B6B     		ldr	r3, [r3, #48]
 366 005a 03F00803 		and	r3, r3, #8
 367 005e 0293     		str	r3, [sp, #8]
 164:Core/Src/stm32f4xx_hal_msp.c ****     /**USART2 GPIO Configuration
 368              		.loc 1 164 5 view .LVU82
 369 0060 029B     		ldr	r3, [sp, #8]
 370              	.LBE8:
 164:Core/Src/stm32f4xx_hal_msp.c ****     /**USART2 GPIO Configuration
 371              		.loc 1 164 5 view .LVU83
 169:Core/Src/stm32f4xx_hal_msp.c ****     GPIO_InitStruct.Mode = GPIO_MODE_AF_PP;
 372              		.loc 1 169 5 view .LVU84
 169:Core/Src/stm32f4xx_hal_msp.c ****     GPIO_InitStruct.Mode = GPIO_MODE_AF_PP;
 373              		.loc 1 169 25 is_stmt 0 view .LVU85
 374 0062 0823     		movs	r3, #8
 375 0064 0593     		str	r3, [sp, #20]
 170:Core/Src/stm32f4xx_hal_msp.c ****     GPIO_InitStruct.Pull = GPIO_NOPULL;
 376              		.loc 1 170 5 is_stmt 1 view .LVU86
 170:Core/Src/stm32f4xx_hal_msp.c ****     GPIO_InitStruct.Pull = GPIO_NOPULL;
ARM GAS  C:\Users\Dell\AppData\Local\Temp\ccK4pZgH.s 			page 12


 377              		.loc 1 170 26 is_stmt 0 view .LVU87
 378 0066 0227     		movs	r7, #2
 379 0068 0697     		str	r7, [sp, #24]
 171:Core/Src/stm32f4xx_hal_msp.c ****     GPIO_InitStruct.Speed = GPIO_SPEED_FREQ_VERY_HIGH;
 380              		.loc 1 171 5 is_stmt 1 view .LVU88
 172:Core/Src/stm32f4xx_hal_msp.c ****     GPIO_InitStruct.Alternate = GPIO_AF7_USART2;
 381              		.loc 1 172 5 view .LVU89
 172:Core/Src/stm32f4xx_hal_msp.c ****     GPIO_InitStruct.Alternate = GPIO_AF7_USART2;
 382              		.loc 1 172 27 is_stmt 0 view .LVU90
 383 006a 0326     		movs	r6, #3
 384 006c 0896     		str	r6, [sp, #32]
 173:Core/Src/stm32f4xx_hal_msp.c ****     HAL_GPIO_Init(GPIOA, &GPIO_InitStruct);
 385              		.loc 1 173 5 is_stmt 1 view .LVU91
 173:Core/Src/stm32f4xx_hal_msp.c ****     HAL_GPIO_Init(GPIOA, &GPIO_InitStruct);
 386              		.loc 1 173 31 is_stmt 0 view .LVU92
 387 006e 0725     		movs	r5, #7
 388 0070 0995     		str	r5, [sp, #36]
 174:Core/Src/stm32f4xx_hal_msp.c **** 
 389              		.loc 1 174 5 is_stmt 1 view .LVU93
 390 0072 05A9     		add	r1, sp, #20
 391 0074 1B48     		ldr	r0, .L26+12
 392              	.LVL12:
 174:Core/Src/stm32f4xx_hal_msp.c **** 
 393              		.loc 1 174 5 is_stmt 0 view .LVU94
 394 0076 FFF7FEFF 		bl	HAL_GPIO_Init
 395              	.LVL13:
 176:Core/Src/stm32f4xx_hal_msp.c ****     GPIO_InitStruct.Mode = GPIO_MODE_AF_PP;
 396              		.loc 1 176 5 is_stmt 1 view .LVU95
 176:Core/Src/stm32f4xx_hal_msp.c ****     GPIO_InitStruct.Mode = GPIO_MODE_AF_PP;
 397              		.loc 1 176 25 is_stmt 0 view .LVU96
 398 007a 2023     		movs	r3, #32
 399 007c 0593     		str	r3, [sp, #20]
 177:Core/Src/stm32f4xx_hal_msp.c ****     GPIO_InitStruct.Pull = GPIO_NOPULL;
 400              		.loc 1 177 5 is_stmt 1 view .LVU97
 177:Core/Src/stm32f4xx_hal_msp.c ****     GPIO_InitStruct.Pull = GPIO_NOPULL;
 401              		.loc 1 177 26 is_stmt 0 view .LVU98
 402 007e 0697     		str	r7, [sp, #24]
 178:Core/Src/stm32f4xx_hal_msp.c ****     GPIO_InitStruct.Speed = GPIO_SPEED_FREQ_VERY_HIGH;
 403              		.loc 1 178 5 is_stmt 1 view .LVU99
 178:Core/Src/stm32f4xx_hal_msp.c ****     GPIO_InitStruct.Speed = GPIO_SPEED_FREQ_VERY_HIGH;
 404              		.loc 1 178 26 is_stmt 0 view .LVU100
 405 0080 0794     		str	r4, [sp, #28]
 179:Core/Src/stm32f4xx_hal_msp.c ****     GPIO_InitStruct.Alternate = GPIO_AF7_USART2;
 406              		.loc 1 179 5 is_stmt 1 view .LVU101
 179:Core/Src/stm32f4xx_hal_msp.c ****     GPIO_InitStruct.Alternate = GPIO_AF7_USART2;
 407              		.loc 1 179 27 is_stmt 0 view .LVU102
 408 0082 0896     		str	r6, [sp, #32]
 180:Core/Src/stm32f4xx_hal_msp.c ****     HAL_GPIO_Init(GPIOD, &GPIO_InitStruct);
 409              		.loc 1 180 5 is_stmt 1 view .LVU103
 180:Core/Src/stm32f4xx_hal_msp.c ****     HAL_GPIO_Init(GPIOD, &GPIO_InitStruct);
 410              		.loc 1 180 31 is_stmt 0 view .LVU104
 411 0084 0995     		str	r5, [sp, #36]
 181:Core/Src/stm32f4xx_hal_msp.c **** 
 412              		.loc 1 181 5 is_stmt 1 view .LVU105
 413 0086 05A9     		add	r1, sp, #20
 414 0088 1748     		ldr	r0, .L26+16
 415 008a FFF7FEFF 		bl	HAL_GPIO_Init
ARM GAS  C:\Users\Dell\AppData\Local\Temp\ccK4pZgH.s 			page 13


 416              	.LVL14:
 417 008e C6E7     		b	.L20
 418              	.LVL15:
 419              	.L25:
 193:Core/Src/stm32f4xx_hal_msp.c **** 
 420              		.loc 1 193 5 view .LVU106
 421              	.LBB9:
 193:Core/Src/stm32f4xx_hal_msp.c **** 
 422              		.loc 1 193 5 view .LVU107
 423 0090 0021     		movs	r1, #0
 424 0092 0391     		str	r1, [sp, #12]
 193:Core/Src/stm32f4xx_hal_msp.c **** 
 425              		.loc 1 193 5 view .LVU108
 426 0094 124B     		ldr	r3, .L26+8
 427 0096 1A6C     		ldr	r2, [r3, #64]
 428 0098 42F48022 		orr	r2, r2, #262144
 429 009c 1A64     		str	r2, [r3, #64]
 193:Core/Src/stm32f4xx_hal_msp.c **** 
 430              		.loc 1 193 5 view .LVU109
 431 009e 1A6C     		ldr	r2, [r3, #64]
 432 00a0 02F48022 		and	r2, r2, #262144
 433 00a4 0392     		str	r2, [sp, #12]
 193:Core/Src/stm32f4xx_hal_msp.c **** 
 434              		.loc 1 193 5 view .LVU110
 435 00a6 039A     		ldr	r2, [sp, #12]
 436              	.LBE9:
 193:Core/Src/stm32f4xx_hal_msp.c **** 
 437              		.loc 1 193 5 view .LVU111
 195:Core/Src/stm32f4xx_hal_msp.c ****     /**USART3 GPIO Configuration
 438              		.loc 1 195 5 view .LVU112
 439              	.LBB10:
 195:Core/Src/stm32f4xx_hal_msp.c ****     /**USART3 GPIO Configuration
 440              		.loc 1 195 5 view .LVU113
 441 00a8 0491     		str	r1, [sp, #16]
 195:Core/Src/stm32f4xx_hal_msp.c ****     /**USART3 GPIO Configuration
 442              		.loc 1 195 5 view .LVU114
 443 00aa 1A6B     		ldr	r2, [r3, #48]
 444 00ac 42F00802 		orr	r2, r2, #8
 445 00b0 1A63     		str	r2, [r3, #48]
 195:Core/Src/stm32f4xx_hal_msp.c ****     /**USART3 GPIO Configuration
 446              		.loc 1 195 5 view .LVU115
 447 00b2 1B6B     		ldr	r3, [r3, #48]
 448 00b4 03F00803 		and	r3, r3, #8
 449 00b8 0493     		str	r3, [sp, #16]
 195:Core/Src/stm32f4xx_hal_msp.c ****     /**USART3 GPIO Configuration
 450              		.loc 1 195 5 view .LVU116
 451 00ba 049B     		ldr	r3, [sp, #16]
 452              	.LBE10:
 195:Core/Src/stm32f4xx_hal_msp.c ****     /**USART3 GPIO Configuration
 453              		.loc 1 195 5 view .LVU117
 200:Core/Src/stm32f4xx_hal_msp.c ****     GPIO_InitStruct.Mode = GPIO_MODE_AF_PP;
 454              		.loc 1 200 5 view .LVU118
 200:Core/Src/stm32f4xx_hal_msp.c ****     GPIO_InitStruct.Mode = GPIO_MODE_AF_PP;
 455              		.loc 1 200 25 is_stmt 0 view .LVU119
 456 00bc 4FF44073 		mov	r3, #768
 457 00c0 0593     		str	r3, [sp, #20]
 201:Core/Src/stm32f4xx_hal_msp.c ****     GPIO_InitStruct.Pull = GPIO_NOPULL;
ARM GAS  C:\Users\Dell\AppData\Local\Temp\ccK4pZgH.s 			page 14


 458              		.loc 1 201 5 is_stmt 1 view .LVU120
 201:Core/Src/stm32f4xx_hal_msp.c ****     GPIO_InitStruct.Pull = GPIO_NOPULL;
 459              		.loc 1 201 26 is_stmt 0 view .LVU121
 460 00c2 0223     		movs	r3, #2
 461 00c4 0693     		str	r3, [sp, #24]
 202:Core/Src/stm32f4xx_hal_msp.c ****     GPIO_InitStruct.Speed = GPIO_SPEED_FREQ_VERY_HIGH;
 462              		.loc 1 202 5 is_stmt 1 view .LVU122
 203:Core/Src/stm32f4xx_hal_msp.c ****     GPIO_InitStruct.Alternate = GPIO_AF7_USART3;
 463              		.loc 1 203 5 view .LVU123
 203:Core/Src/stm32f4xx_hal_msp.c ****     GPIO_InitStruct.Alternate = GPIO_AF7_USART3;
 464              		.loc 1 203 27 is_stmt 0 view .LVU124
 465 00c6 0323     		movs	r3, #3
 466 00c8 0893     		str	r3, [sp, #32]
 204:Core/Src/stm32f4xx_hal_msp.c ****     HAL_GPIO_Init(GPIOD, &GPIO_InitStruct);
 467              		.loc 1 204 5 is_stmt 1 view .LVU125
 204:Core/Src/stm32f4xx_hal_msp.c ****     HAL_GPIO_Init(GPIOD, &GPIO_InitStruct);
 468              		.loc 1 204 31 is_stmt 0 view .LVU126
 469 00ca 0723     		movs	r3, #7
 470 00cc 0993     		str	r3, [sp, #36]
 205:Core/Src/stm32f4xx_hal_msp.c **** 
 471              		.loc 1 205 5 is_stmt 1 view .LVU127
 472 00ce 05A9     		add	r1, sp, #20
 473 00d0 0548     		ldr	r0, .L26+16
 474              	.LVL16:
 205:Core/Src/stm32f4xx_hal_msp.c **** 
 475              		.loc 1 205 5 is_stmt 0 view .LVU128
 476 00d2 FFF7FEFF 		bl	HAL_GPIO_Init
 477              	.LVL17:
 478              		.loc 1 212 1 view .LVU129
 479 00d6 A2E7     		b	.L20
 480              	.L27:
 481              		.align	2
 482              	.L26:
 483 00d8 00440040 		.word	1073759232
 484 00dc 00480040 		.word	1073760256
 485 00e0 00380240 		.word	1073887232
 486 00e4 00000240 		.word	1073872896
 487 00e8 000C0240 		.word	1073875968
 488              		.cfi_endproc
 489              	.LFE133:
 491              		.section	.text.HAL_UART_MspDeInit,"ax",%progbits
 492              		.align	1
 493              		.global	HAL_UART_MspDeInit
 494              		.syntax unified
 495              		.thumb
 496              		.thumb_func
 498              	HAL_UART_MspDeInit:
 499              	.LVL18:
 500              	.LFB134:
 213:Core/Src/stm32f4xx_hal_msp.c **** 
 214:Core/Src/stm32f4xx_hal_msp.c **** /**
 215:Core/Src/stm32f4xx_hal_msp.c **** * @brief UART MSP De-Initialization
 216:Core/Src/stm32f4xx_hal_msp.c **** * This function freeze the hardware resources used in this example
 217:Core/Src/stm32f4xx_hal_msp.c **** * @param huart: UART handle pointer
 218:Core/Src/stm32f4xx_hal_msp.c **** * @retval None
 219:Core/Src/stm32f4xx_hal_msp.c **** */
 220:Core/Src/stm32f4xx_hal_msp.c **** void HAL_UART_MspDeInit(UART_HandleTypeDef* huart)
ARM GAS  C:\Users\Dell\AppData\Local\Temp\ccK4pZgH.s 			page 15


 221:Core/Src/stm32f4xx_hal_msp.c **** {
 501              		.loc 1 221 1 is_stmt 1 view -0
 502              		.cfi_startproc
 503              		@ args = 0, pretend = 0, frame = 0
 504              		@ frame_needed = 0, uses_anonymous_args = 0
 505              		.loc 1 221 1 is_stmt 0 view .LVU131
 506 0000 08B5     		push	{r3, lr}
 507              	.LCFI11:
 508              		.cfi_def_cfa_offset 8
 509              		.cfi_offset 3, -8
 510              		.cfi_offset 14, -4
 222:Core/Src/stm32f4xx_hal_msp.c ****   if(huart->Instance==USART2)
 511              		.loc 1 222 3 is_stmt 1 view .LVU132
 512              		.loc 1 222 11 is_stmt 0 view .LVU133
 513 0002 0368     		ldr	r3, [r0]
 514              		.loc 1 222 5 view .LVU134
 515 0004 104A     		ldr	r2, .L34
 516 0006 9342     		cmp	r3, r2
 517 0008 03D0     		beq	.L32
 223:Core/Src/stm32f4xx_hal_msp.c ****   {
 224:Core/Src/stm32f4xx_hal_msp.c ****   /* USER CODE BEGIN USART2_MspDeInit 0 */
 225:Core/Src/stm32f4xx_hal_msp.c **** 
 226:Core/Src/stm32f4xx_hal_msp.c ****   /* USER CODE END USART2_MspDeInit 0 */
 227:Core/Src/stm32f4xx_hal_msp.c ****     /* Peripheral clock disable */
 228:Core/Src/stm32f4xx_hal_msp.c ****     __HAL_RCC_USART2_CLK_DISABLE();
 229:Core/Src/stm32f4xx_hal_msp.c **** 
 230:Core/Src/stm32f4xx_hal_msp.c ****     /**USART2 GPIO Configuration
 231:Core/Src/stm32f4xx_hal_msp.c ****     PA3     ------> USART2_RX
 232:Core/Src/stm32f4xx_hal_msp.c ****     PD5     ------> USART2_TX
 233:Core/Src/stm32f4xx_hal_msp.c ****     */
 234:Core/Src/stm32f4xx_hal_msp.c ****     HAL_GPIO_DeInit(GPIOA, GPIO_PIN_3);
 235:Core/Src/stm32f4xx_hal_msp.c **** 
 236:Core/Src/stm32f4xx_hal_msp.c ****     HAL_GPIO_DeInit(GPIOD, GPIO_PIN_5);
 237:Core/Src/stm32f4xx_hal_msp.c **** 
 238:Core/Src/stm32f4xx_hal_msp.c ****   /* USER CODE BEGIN USART2_MspDeInit 1 */
 239:Core/Src/stm32f4xx_hal_msp.c **** 
 240:Core/Src/stm32f4xx_hal_msp.c ****   /* USER CODE END USART2_MspDeInit 1 */
 241:Core/Src/stm32f4xx_hal_msp.c ****   }
 242:Core/Src/stm32f4xx_hal_msp.c ****   else if(huart->Instance==USART3)
 518              		.loc 1 242 8 is_stmt 1 view .LVU135
 519              		.loc 1 242 10 is_stmt 0 view .LVU136
 520 000a 104A     		ldr	r2, .L34+4
 521 000c 9342     		cmp	r3, r2
 522 000e 0FD0     		beq	.L33
 523              	.LVL19:
 524              	.L28:
 243:Core/Src/stm32f4xx_hal_msp.c ****   {
 244:Core/Src/stm32f4xx_hal_msp.c ****   /* USER CODE BEGIN USART3_MspDeInit 0 */
 245:Core/Src/stm32f4xx_hal_msp.c **** 
 246:Core/Src/stm32f4xx_hal_msp.c ****   /* USER CODE END USART3_MspDeInit 0 */
 247:Core/Src/stm32f4xx_hal_msp.c ****     /* Peripheral clock disable */
 248:Core/Src/stm32f4xx_hal_msp.c ****     __HAL_RCC_USART3_CLK_DISABLE();
 249:Core/Src/stm32f4xx_hal_msp.c **** 
 250:Core/Src/stm32f4xx_hal_msp.c ****     /**USART3 GPIO Configuration
 251:Core/Src/stm32f4xx_hal_msp.c ****     PD8     ------> USART3_TX
 252:Core/Src/stm32f4xx_hal_msp.c ****     PD9     ------> USART3_RX
 253:Core/Src/stm32f4xx_hal_msp.c ****     */
ARM GAS  C:\Users\Dell\AppData\Local\Temp\ccK4pZgH.s 			page 16


 254:Core/Src/stm32f4xx_hal_msp.c ****     HAL_GPIO_DeInit(GPIOD, STLK_RX_Pin|STLK_TX_Pin);
 255:Core/Src/stm32f4xx_hal_msp.c **** 
 256:Core/Src/stm32f4xx_hal_msp.c ****   /* USER CODE BEGIN USART3_MspDeInit 1 */
 257:Core/Src/stm32f4xx_hal_msp.c **** 
 258:Core/Src/stm32f4xx_hal_msp.c ****   /* USER CODE END USART3_MspDeInit 1 */
 259:Core/Src/stm32f4xx_hal_msp.c ****   }
 260:Core/Src/stm32f4xx_hal_msp.c **** 
 261:Core/Src/stm32f4xx_hal_msp.c **** }
 525              		.loc 1 261 1 view .LVU137
 526 0010 08BD     		pop	{r3, pc}
 527              	.LVL20:
 528              	.L32:
 228:Core/Src/stm32f4xx_hal_msp.c **** 
 529              		.loc 1 228 5 is_stmt 1 view .LVU138
 530 0012 02F5FA32 		add	r2, r2, #128000
 531 0016 136C     		ldr	r3, [r2, #64]
 532 0018 23F40033 		bic	r3, r3, #131072
 533 001c 1364     		str	r3, [r2, #64]
 234:Core/Src/stm32f4xx_hal_msp.c **** 
 534              		.loc 1 234 5 view .LVU139
 535 001e 0821     		movs	r1, #8
 536 0020 0B48     		ldr	r0, .L34+8
 537              	.LVL21:
 234:Core/Src/stm32f4xx_hal_msp.c **** 
 538              		.loc 1 234 5 is_stmt 0 view .LVU140
 539 0022 FFF7FEFF 		bl	HAL_GPIO_DeInit
 540              	.LVL22:
 236:Core/Src/stm32f4xx_hal_msp.c **** 
 541              		.loc 1 236 5 is_stmt 1 view .LVU141
 542 0026 2021     		movs	r1, #32
 543 0028 0A48     		ldr	r0, .L34+12
 544 002a FFF7FEFF 		bl	HAL_GPIO_DeInit
 545              	.LVL23:
 546 002e EFE7     		b	.L28
 547              	.LVL24:
 548              	.L33:
 248:Core/Src/stm32f4xx_hal_msp.c **** 
 549              		.loc 1 248 5 view .LVU142
 550 0030 02F5F832 		add	r2, r2, #126976
 551 0034 136C     		ldr	r3, [r2, #64]
 552 0036 23F48023 		bic	r3, r3, #262144
 553 003a 1364     		str	r3, [r2, #64]
 254:Core/Src/stm32f4xx_hal_msp.c **** 
 554              		.loc 1 254 5 view .LVU143
 555 003c 4FF44071 		mov	r1, #768
 556 0040 0448     		ldr	r0, .L34+12
 557              	.LVL25:
 254:Core/Src/stm32f4xx_hal_msp.c **** 
 558              		.loc 1 254 5 is_stmt 0 view .LVU144
 559 0042 FFF7FEFF 		bl	HAL_GPIO_DeInit
 560              	.LVL26:
 561              		.loc 1 261 1 view .LVU145
 562 0046 E3E7     		b	.L28
 563              	.L35:
 564              		.align	2
 565              	.L34:
 566 0048 00440040 		.word	1073759232
ARM GAS  C:\Users\Dell\AppData\Local\Temp\ccK4pZgH.s 			page 17


 567 004c 00480040 		.word	1073760256
 568 0050 00000240 		.word	1073872896
 569 0054 000C0240 		.word	1073875968
 570              		.cfi_endproc
 571              	.LFE134:
 573              		.text
 574              	.Letext0:
 575              		.file 2 "c:\\program files (x86)\\gnu arm embedded toolchain\\10 2021.10\\arm-none-eabi\\include\\
 576              		.file 3 "c:\\program files (x86)\\gnu arm embedded toolchain\\10 2021.10\\arm-none-eabi\\include\\
 577              		.file 4 "Drivers/CMSIS/Device/ST/STM32F4xx/Include/stm32f429xx.h"
 578              		.file 5 "Drivers/STM32F4xx_HAL_Driver/Inc/stm32f4xx_hal_def.h"
 579              		.file 6 "Drivers/STM32F4xx_HAL_Driver/Inc/stm32f4xx_hal_gpio.h"
 580              		.file 7 "Drivers/STM32F4xx_HAL_Driver/Inc/stm32f4xx_hal_dma.h"
 581              		.file 8 "Drivers/STM32F4xx_HAL_Driver/Inc/stm32f4xx_hal_i2c.h"
 582              		.file 9 "Drivers/STM32F4xx_HAL_Driver/Inc/stm32f4xx_hal_uart.h"
ARM GAS  C:\Users\Dell\AppData\Local\Temp\ccK4pZgH.s 			page 18


DEFINED SYMBOLS
                            *ABS*:00000000 stm32f4xx_hal_msp.c
C:\Users\Dell\AppData\Local\Temp\ccK4pZgH.s:20     .text.HAL_MspInit:00000000 $t
C:\Users\Dell\AppData\Local\Temp\ccK4pZgH.s:26     .text.HAL_MspInit:00000000 HAL_MspInit
C:\Users\Dell\AppData\Local\Temp\ccK4pZgH.s:80     .text.HAL_MspInit:00000034 $d
C:\Users\Dell\AppData\Local\Temp\ccK4pZgH.s:85     .text.HAL_I2C_MspInit:00000000 $t
C:\Users\Dell\AppData\Local\Temp\ccK4pZgH.s:91     .text.HAL_I2C_MspInit:00000000 HAL_I2C_MspInit
C:\Users\Dell\AppData\Local\Temp\ccK4pZgH.s:199    .text.HAL_I2C_MspInit:00000064 $d
C:\Users\Dell\AppData\Local\Temp\ccK4pZgH.s:206    .text.HAL_I2C_MspDeInit:00000000 $t
C:\Users\Dell\AppData\Local\Temp\ccK4pZgH.s:212    .text.HAL_I2C_MspDeInit:00000000 HAL_I2C_MspDeInit
C:\Users\Dell\AppData\Local\Temp\ccK4pZgH.s:257    .text.HAL_I2C_MspDeInit:00000030 $d
C:\Users\Dell\AppData\Local\Temp\ccK4pZgH.s:264    .text.HAL_UART_MspInit:00000000 $t
C:\Users\Dell\AppData\Local\Temp\ccK4pZgH.s:270    .text.HAL_UART_MspInit:00000000 HAL_UART_MspInit
C:\Users\Dell\AppData\Local\Temp\ccK4pZgH.s:483    .text.HAL_UART_MspInit:000000d8 $d
C:\Users\Dell\AppData\Local\Temp\ccK4pZgH.s:492    .text.HAL_UART_MspDeInit:00000000 $t
C:\Users\Dell\AppData\Local\Temp\ccK4pZgH.s:498    .text.HAL_UART_MspDeInit:00000000 HAL_UART_MspDeInit
C:\Users\Dell\AppData\Local\Temp\ccK4pZgH.s:566    .text.HAL_UART_MspDeInit:00000048 $d

UNDEFINED SYMBOLS
HAL_GPIO_Init
HAL_GPIO_DeInit
